{"level":"info","message":"App connected successfully at http://localhost:8001","timestamp":"2023-10-25T07:47:15.511Z"}
info: App connected successfully at http://localhost:8001 {"timestamp":"2023-10-25T07:47:15.512Z"}
{"level":"info","message":"Database connection has been established with blockchain successfully.","timestamp":"2023-10-25T07:47:15.546Z"}
info: Database connection has been established with blockchain successfully. {"timestamp":"2023-10-25T07:47:15.546Z"}
{"level":"info","message":"App connected successfully at http://localhost:8001","timestamp":"2023-10-25T08:40:14.944Z"}
info: App connected successfully at http://localhost:8001 {"timestamp":"2023-10-25T08:40:14.944Z"}
{"level":"info","message":"Database connection has been established with blockchain successfully.","timestamp":"2023-10-25T08:40:14.983Z"}
info: Database connection has been established with blockchain successfully. {"timestamp":"2023-10-25T08:40:14.984Z"}
{"level":"info","message":"App connected successfully at http://localhost:8001","timestamp":"2023-10-25T08:48:48.764Z"}
info: App connected successfully at http://localhost:8001 {"timestamp":"2023-10-25T08:48:48.764Z"}
{"level":"info","message":"Database connection has been established with blockchain successfully.","timestamp":"2023-10-25T08:48:48.803Z"}
info: Database connection has been established with blockchain successfully. {"timestamp":"2023-10-25T08:48:48.803Z"}
{"level":"info","message":"App connected successfully at http://localhost:8001","timestamp":"2023-10-25T09:01:09.650Z"}
info: App connected successfully at http://localhost:8001 {"timestamp":"2023-10-25T09:01:09.650Z"}
{"level":"info","message":"Database connection has been established with blockchain successfully.","timestamp":"2023-10-25T09:01:09.680Z"}
info: Database connection has been established with blockchain successfully. {"timestamp":"2023-10-25T09:01:09.680Z"}
{"level":"info","message":"App connected successfully at http://localhost:8001","timestamp":"2023-10-25T09:01:10.700Z"}
info: App connected successfully at http://localhost:8001 {"timestamp":"2023-10-25T09:01:10.700Z"}
{"level":"info","message":"Database connection has been established with blockchain successfully.","timestamp":"2023-10-25T09:01:10.742Z"}
info: Database connection has been established with blockchain successfully. {"timestamp":"2023-10-25T09:01:10.743Z"}
{"level":"info","message":"App connected successfully at http://localhost:8001","timestamp":"2023-10-25T09:04:28.920Z"}
info: App connected successfully at http://localhost:8001 {"timestamp":"2023-10-25T09:04:28.921Z"}
{"level":"info","message":"Database connection has been established with blockchain successfully.","timestamp":"2023-10-25T09:04:28.947Z"}
info: Database connection has been established with blockchain successfully. {"timestamp":"2023-10-25T09:04:28.947Z"}
{"level":"info","message":"App connected successfully at http://localhost:8001","timestamp":"2023-10-25T09:05:00.501Z"}
info: App connected successfully at http://localhost:8001 {"timestamp":"2023-10-25T09:05:00.502Z"}
{"level":"info","message":"Database connection has been established with blockchain successfully.","timestamp":"2023-10-25T09:05:00.528Z"}
info: Database connection has been established with blockchain successfully. {"timestamp":"2023-10-25T09:05:00.528Z"}
{"level":"info","message":"App connected successfully at http://localhost:8001","timestamp":"2023-10-25T09:05:24.620Z"}
info: App connected successfully at http://localhost:8001 {"timestamp":"2023-10-25T09:05:24.620Z"}
{"level":"info","message":"Database connection has been established with blockchain successfully.","timestamp":"2023-10-25T09:05:24.652Z"}
info: Database connection has been established with blockchain successfully. {"timestamp":"2023-10-25T09:05:24.653Z"}
{"level":"info","message":"App connected successfully at http://localhost:8001","timestamp":"2023-10-25T09:06:19.567Z"}
info: App connected successfully at http://localhost:8001 {"timestamp":"2023-10-25T09:06:19.568Z"}
{"level":"info","message":"Database connection has been established with blockchain successfully.","timestamp":"2023-10-25T09:06:19.594Z"}
info: Database connection has been established with blockchain successfully. {"timestamp":"2023-10-25T09:06:19.594Z"}
{"level":"info","message":"App connected successfully at http://localhost:8001","timestamp":"2023-10-25T09:07:30.105Z"}
info: App connected successfully at http://localhost:8001 {"timestamp":"2023-10-25T09:07:30.105Z"}
{"level":"info","message":"Database connection has been established with blockchain successfully.","timestamp":"2023-10-25T09:07:30.134Z"}
info: Database connection has been established with blockchain successfully. {"timestamp":"2023-10-25T09:07:30.134Z"}
{"level":"info","message":"App connected successfully at http://localhost:8001","timestamp":"2023-10-25T09:07:34.154Z"}
info: App connected successfully at http://localhost:8001 {"timestamp":"2023-10-25T09:07:34.155Z"}
{"level":"info","message":"Database connection has been established with blockchain successfully.","timestamp":"2023-10-25T09:07:34.181Z"}
info: Database connection has been established with blockchain successfully. {"timestamp":"2023-10-25T09:07:34.188Z"}
{"level":"info","message":"App connected successfully at http://localhost:8001","timestamp":"2023-10-25T09:08:34.452Z"}
info: App connected successfully at http://localhost:8001 {"timestamp":"2023-10-25T09:08:34.453Z"}
{"level":"info","message":"Database connection has been established with blockchain successfully.","timestamp":"2023-10-25T09:08:34.483Z"}
info: Database connection has been established with blockchain successfully. {"timestamp":"2023-10-25T09:08:34.483Z"}
{"level":"info","message":"App connected successfully at http://localhost:8001","timestamp":"2023-10-25T09:08:48.434Z"}
info: App connected successfully at http://localhost:8001 {"timestamp":"2023-10-25T09:08:48.435Z"}
{"level":"info","message":"Database connection has been established with blockchain successfully.","timestamp":"2023-10-25T09:08:48.460Z"}
info: Database connection has been established with blockchain successfully. {"timestamp":"2023-10-25T09:08:48.460Z"}
{"level":"info","message":"App connected successfully at http://localhost:8001","timestamp":"2023-10-25T09:09:16.481Z"}
info: App connected successfully at http://localhost:8001 {"timestamp":"2023-10-25T09:09:16.481Z"}
{"level":"info","message":"Database connection has been established with blockchain successfully.","timestamp":"2023-10-25T09:09:16.510Z"}
info: Database connection has been established with blockchain successfully. {"timestamp":"2023-10-25T09:09:16.510Z"}
{"level":"info","message":"App connected successfully at http://localhost:8001","timestamp":"2023-10-25T09:09:44.685Z"}
info: App connected successfully at http://localhost:8001 {"timestamp":"2023-10-25T09:09:44.685Z"}
{"level":"info","message":"Database connection has been established with blockchain successfully.","timestamp":"2023-10-25T09:09:44.711Z"}
info: Database connection has been established with blockchain successfully. {"timestamp":"2023-10-25T09:09:44.711Z"}
{"level":"info","message":"App connected successfully at http://localhost:8001","timestamp":"2023-10-25T09:10:22.200Z"}
info: App connected successfully at http://localhost:8001 {"timestamp":"2023-10-25T09:10:22.200Z"}
{"level":"info","message":"Database connection has been established with blockchain successfully.","timestamp":"2023-10-25T09:10:22.236Z"}
info: Database connection has been established with blockchain successfully. {"timestamp":"2023-10-25T09:10:22.236Z"}
{"level":"info","message":"App connected successfully at http://localhost:8001","timestamp":"2023-10-25T09:11:05.396Z"}
info: App connected successfully at http://localhost:8001 {"timestamp":"2023-10-25T09:11:05.397Z"}
{"level":"info","message":"Database connection has been established with blockchain successfully.","timestamp":"2023-10-25T09:11:05.423Z"}
info: Database connection has been established with blockchain successfully. {"timestamp":"2023-10-25T09:11:05.424Z"}
{"level":"info","message":"App connected successfully at http://localhost:8001","timestamp":"2023-10-25T09:11:20.194Z"}
info: App connected successfully at http://localhost:8001 {"timestamp":"2023-10-25T09:11:20.195Z"}
{"level":"info","message":"Database connection has been established with blockchain successfully.","timestamp":"2023-10-25T09:11:20.222Z"}
info: Database connection has been established with blockchain successfully. {"timestamp":"2023-10-25T09:11:20.222Z"}
{"level":"info","message":"App connected successfully at http://localhost:8001","timestamp":"2023-10-25T09:12:05.134Z"}
info: App connected successfully at http://localhost:8001 {"timestamp":"2023-10-25T09:12:05.134Z"}
{"level":"info","message":"Database connection has been established with blockchain successfully.","timestamp":"2023-10-25T09:12:05.160Z"}
info: Database connection has been established with blockchain successfully. {"timestamp":"2023-10-25T09:12:05.160Z"}
{"level":"info","message":"App connected successfully at http://localhost:8001","timestamp":"2023-10-25T09:12:06.075Z"}
info: App connected successfully at http://localhost:8001 {"timestamp":"2023-10-25T09:12:06.076Z"}
{"level":"info","message":"Database connection has been established with blockchain successfully.","timestamp":"2023-10-25T09:12:06.102Z"}
info: Database connection has been established with blockchain successfully. {"timestamp":"2023-10-25T09:12:06.102Z"}
{"level":"info","message":"App connected successfully at http://localhost:8001","timestamp":"2023-10-25T09:12:43.573Z"}
info: App connected successfully at http://localhost:8001 {"timestamp":"2023-10-25T09:12:43.577Z"}
{"level":"info","message":"Database connection has been established with blockchain successfully.","timestamp":"2023-10-25T09:12:43.603Z"}
info: Database connection has been established with blockchain successfully. {"timestamp":"2023-10-25T09:12:43.603Z"}
{"level":"info","message":"App connected successfully at http://localhost:8001","timestamp":"2023-10-25T09:13:44.003Z"}
info: App connected successfully at http://localhost:8001 {"timestamp":"2023-10-25T09:13:44.003Z"}
{"level":"info","message":"Database connection has been established with blockchain successfully.","timestamp":"2023-10-25T09:13:44.050Z"}
info: Database connection has been established with blockchain successfully. {"timestamp":"2023-10-25T09:13:44.051Z"}
{"level":"info","message":"App connected successfully at http://localhost:8001","timestamp":"2023-10-25T09:14:02.949Z"}
info: App connected successfully at http://localhost:8001 {"timestamp":"2023-10-25T09:14:02.949Z"}
{"level":"info","message":"Database connection has been established with blockchain successfully.","timestamp":"2023-10-25T09:14:02.979Z"}
info: Database connection has been established with blockchain successfully. {"timestamp":"2023-10-25T09:14:02.979Z"}
{"level":"info","message":"App connected successfully at http://localhost:8001","timestamp":"2023-10-25T09:14:28.454Z"}
info: App connected successfully at http://localhost:8001 {"timestamp":"2023-10-25T09:14:28.454Z"}
{"level":"info","message":"Database connection has been established with blockchain successfully.","timestamp":"2023-10-25T09:14:28.486Z"}
info: Database connection has been established with blockchain successfully. {"timestamp":"2023-10-25T09:14:28.486Z"}
{"level":"info","message":"App connected successfully at http://localhost:8001","timestamp":"2023-10-25T09:17:38.858Z"}
info: App connected successfully at http://localhost:8001 {"timestamp":"2023-10-25T09:17:38.859Z"}
{"level":"info","message":"Database connection has been established with blockchain successfully.","timestamp":"2023-10-25T09:17:38.886Z"}
info: Database connection has been established with blockchain successfully. {"timestamp":"2023-10-25T09:17:38.886Z"}
{"level":"info","message":"App connected successfully at http://localhost:8001","timestamp":"2023-10-25T09:17:44.659Z"}
info: App connected successfully at http://localhost:8001 {"timestamp":"2023-10-25T09:17:44.660Z"}
{"level":"info","message":"Database connection has been established with blockchain successfully.","timestamp":"2023-10-25T09:17:44.692Z"}
info: Database connection has been established with blockchain successfully. {"timestamp":"2023-10-25T09:17:44.692Z"}
{"level":"info","message":"App connected successfully at http://localhost:8001","timestamp":"2023-10-25T09:18:39.381Z"}
info: App connected successfully at http://localhost:8001 {"timestamp":"2023-10-25T09:18:39.381Z"}
{"level":"info","message":"Database connection has been established with blockchain successfully.","timestamp":"2023-10-25T09:18:39.415Z"}
info: Database connection has been established with blockchain successfully. {"timestamp":"2023-10-25T09:18:39.416Z"}
{"level":"info","message":"App connected successfully at http://localhost:8001","timestamp":"2023-10-25T09:19:49.944Z"}
info: App connected successfully at http://localhost:8001 {"timestamp":"2023-10-25T09:19:49.945Z"}
{"level":"info","message":"Database connection has been established with blockchain successfully.","timestamp":"2023-10-25T09:19:49.977Z"}
info: Database connection has been established with blockchain successfully. {"timestamp":"2023-10-25T09:19:49.978Z"}
{"level":"info","message":"App connected successfully at http://localhost:8001","timestamp":"2023-10-25T09:19:58.411Z"}
info: App connected successfully at http://localhost:8001 {"timestamp":"2023-10-25T09:19:58.411Z"}
{"level":"info","message":"Database connection has been established with blockchain successfully.","timestamp":"2023-10-25T09:19:58.440Z"}
info: Database connection has been established with blockchain successfully. {"timestamp":"2023-10-25T09:19:58.440Z"}
{"level":"info","message":"App connected successfully at http://localhost:8001","timestamp":"2023-10-25T09:20:14.739Z"}
info: App connected successfully at http://localhost:8001 {"timestamp":"2023-10-25T09:20:14.740Z"}
{"level":"info","message":"Database connection has been established with blockchain successfully.","timestamp":"2023-10-25T09:20:14.770Z"}
info: Database connection has been established with blockchain successfully. {"timestamp":"2023-10-25T09:20:14.770Z"}
{"level":"info","message":"App connected successfully at http://localhost:8001","timestamp":"2023-10-25T09:21:09.268Z"}
info: App connected successfully at http://localhost:8001 {"timestamp":"2023-10-25T09:21:09.268Z"}
{"level":"info","message":"Database connection has been established with blockchain successfully.","timestamp":"2023-10-25T09:21:09.294Z"}
info: Database connection has been established with blockchain successfully. {"timestamp":"2023-10-25T09:21:09.294Z"}
{"level":"info","message":"App connected successfully at http://localhost:8001","timestamp":"2023-10-25T09:28:15.039Z"}
info: App connected successfully at http://localhost:8001 {"timestamp":"2023-10-25T09:28:15.039Z"}
{"level":"info","message":"Database connection has been established with blockchain successfully.","timestamp":"2023-10-25T09:28:15.074Z"}
info: Database connection has been established with blockchain successfully. {"timestamp":"2023-10-25T09:28:15.078Z"}
{"level":"info","message":"App connected successfully at http://localhost:8001","timestamp":"2023-10-25T09:30:26.271Z"}
info: App connected successfully at http://localhost:8001 {"timestamp":"2023-10-25T09:30:26.271Z"}
{"level":"info","message":"Database connection has been established with blockchain successfully.","timestamp":"2023-10-25T09:30:26.306Z"}
info: Database connection has been established with blockchain successfully. {"timestamp":"2023-10-25T09:30:26.307Z"}
{"level":"info","message":"App connected successfully at http://localhost:8001","timestamp":"2023-10-25T09:31:00.263Z"}
info: App connected successfully at http://localhost:8001 {"timestamp":"2023-10-25T09:31:00.263Z"}
{"level":"info","message":"Database connection has been established with blockchain successfully.","timestamp":"2023-10-25T09:31:00.289Z"}
info: Database connection has been established with blockchain successfully. {"timestamp":"2023-10-25T09:31:00.289Z"}
{"level":"info","message":"App connected successfully at http://localhost:8001","timestamp":"2023-10-25T09:36:31.863Z"}
info: App connected successfully at http://localhost:8001 {"timestamp":"2023-10-25T09:36:31.864Z"}
{"level":"info","message":"Database connection has been established with blockchain successfully.","timestamp":"2023-10-25T09:36:31.894Z"}
info: Database connection has been established with blockchain successfully. {"timestamp":"2023-10-25T09:36:31.895Z"}
{"level":"info","message":"App connected successfully at http://localhost:8001","timestamp":"2023-10-25T09:36:41.852Z"}
info: App connected successfully at http://localhost:8001 {"timestamp":"2023-10-25T09:36:41.852Z"}
{"level":"info","message":"Database connection has been established with blockchain successfully.","timestamp":"2023-10-25T09:36:41.878Z"}
info: Database connection has been established with blockchain successfully. {"timestamp":"2023-10-25T09:36:41.878Z"}
{"level":"info","message":"App connected successfully at http://localhost:8001","timestamp":"2023-10-25T09:36:49.891Z"}
info: App connected successfully at http://localhost:8001 {"timestamp":"2023-10-25T09:36:49.891Z"}
{"level":"info","message":"Database connection has been established with blockchain successfully.","timestamp":"2023-10-25T09:36:49.916Z"}
info: Database connection has been established with blockchain successfully. {"timestamp":"2023-10-25T09:36:49.917Z"}
{"level":"error","message":"Email already exist","timestamp":"2023-10-25T09:36:54.087Z"}
error: Email already exist {"timestamp":"2023-10-25T09:36:54.088Z"}
{"level":"info","message":"App connected successfully at http://localhost:8001","timestamp":"2023-10-25T09:37:31.113Z"}
info: App connected successfully at http://localhost:8001 {"timestamp":"2023-10-25T09:37:31.113Z"}
{"level":"info","message":"Database connection has been established with blockchain successfully.","timestamp":"2023-10-25T09:37:31.161Z"}
info: Database connection has been established with blockchain successfully. {"timestamp":"2023-10-25T09:37:31.161Z"}
{"level":"info","message":"App connected successfully at http://localhost:8001","timestamp":"2023-10-25T09:37:40.560Z"}
info: App connected successfully at http://localhost:8001 {"timestamp":"2023-10-25T09:37:40.560Z"}
{"level":"info","message":"Database connection has been established with blockchain successfully.","timestamp":"2023-10-25T09:37:40.592Z"}
info: Database connection has been established with blockchain successfully. {"timestamp":"2023-10-25T09:37:40.592Z"}
{"level":"info","message":"App connected successfully at http://localhost:8001","timestamp":"2023-10-25T09:39:17.032Z"}
info: App connected successfully at http://localhost:8001 {"timestamp":"2023-10-25T09:39:17.033Z"}
{"level":"info","message":"Database connection has been established with blockchain successfully.","timestamp":"2023-10-25T09:39:17.062Z"}
info: Database connection has been established with blockchain successfully. {"timestamp":"2023-10-25T09:39:17.063Z"}
{"level":"info","message":"App connected successfully at http://localhost:8001","timestamp":"2023-10-25T09:42:22.249Z"}
info: App connected successfully at http://localhost:8001 {"timestamp":"2023-10-25T09:42:22.249Z"}
{"level":"info","message":"Database connection has been established with blockchain successfully.","timestamp":"2023-10-25T09:42:22.273Z"}
info: Database connection has been established with blockchain successfully. {"timestamp":"2023-10-25T09:42:22.274Z"}
{"level":"info","message":"App connected successfully at http://localhost:8001","timestamp":"2023-10-25T09:43:02.652Z"}
info: App connected successfully at http://localhost:8001 {"timestamp":"2023-10-25T09:43:02.652Z"}
{"level":"info","message":"Database connection has been established with blockchain successfully.","timestamp":"2023-10-25T09:43:02.677Z"}
info: Database connection has been established with blockchain successfully. {"timestamp":"2023-10-25T09:43:02.677Z"}
{"level":"info","message":"App connected successfully at http://localhost:8001","timestamp":"2023-10-25T09:43:49.489Z"}
info: App connected successfully at http://localhost:8001 {"timestamp":"2023-10-25T09:43:49.490Z"}
{"level":"info","message":"Database connection has been established with blockchain successfully.","timestamp":"2023-10-25T09:43:49.515Z"}
info: Database connection has been established with blockchain successfully. {"timestamp":"2023-10-25T09:43:49.516Z"}
{"level":"info","message":"App connected successfully at http://localhost:8001","timestamp":"2023-10-25T09:43:52.515Z"}
info: App connected successfully at http://localhost:8001 {"timestamp":"2023-10-25T09:43:52.515Z"}
{"level":"info","message":"Database connection has been established with blockchain successfully.","timestamp":"2023-10-25T09:43:52.548Z"}
info: Database connection has been established with blockchain successfully. {"timestamp":"2023-10-25T09:43:52.548Z"}
{"level":"error","message":"Email already exist","timestamp":"2023-10-25T09:44:21.350Z"}
error: Email already exist {"timestamp":"2023-10-25T09:44:21.350Z"}
{"level":"error","message":"employee not found to update details","timestamp":"2023-10-25T09:45:01.705Z"}
error: employee not found to update details {"timestamp":"2023-10-25T09:45:01.706Z"}
{"level":"error","message":"Authorized only for Super-Admins","timestamp":"2023-10-25T09:45:35.952Z"}
error: Authorized only for Super-Admins {"timestamp":"2023-10-25T09:45:35.952Z"}
{"level":"error","message":" only admin can view list of employees","timestamp":"2023-10-25T09:45:39.070Z"}
error:  only admin can view list of employees {"timestamp":"2023-10-25T09:45:39.070Z"}
{"level":"error","message":"Authorized only for Super-Admins","timestamp":"2023-10-25T09:45:42.354Z"}
error: Authorized only for Super-Admins {"timestamp":"2023-10-25T09:45:42.355Z"}
{"level":"info","message":"App connected successfully at http://localhost:8001","timestamp":"2023-10-25T09:46:36.987Z"}
info: App connected successfully at http://localhost:8001 {"timestamp":"2023-10-25T09:46:36.987Z"}
{"level":"info","message":"Database connection has been established with blockchain successfully.","timestamp":"2023-10-25T09:46:37.020Z"}
info: Database connection has been established with blockchain successfully. {"timestamp":"2023-10-25T09:46:37.021Z"}
{"level":"info","message":"App connected successfully at http://localhost:8001","timestamp":"2023-10-25T09:50:06.908Z"}
info: App connected successfully at http://localhost:8001 {"timestamp":"2023-10-25T09:50:06.909Z"}
{"level":"info","message":"Database connection has been established with blockchain successfully.","timestamp":"2023-10-25T09:50:06.949Z"}
info: Database connection has been established with blockchain successfully. {"timestamp":"2023-10-25T09:50:06.949Z"}
{"level":"info","message":"App connected successfully at http://localhost:8001","timestamp":"2023-10-25T09:56:25.504Z"}
info: App connected successfully at http://localhost:8001 {"timestamp":"2023-10-25T09:56:25.504Z"}
{"level":"info","message":"Database connection has been established with blockchain successfully.","timestamp":"2023-10-25T09:56:25.529Z"}
info: Database connection has been established with blockchain successfully. {"timestamp":"2023-10-25T09:56:25.529Z"}
{"level":"info","message":"App connected successfully at http://localhost:8001","timestamp":"2023-10-25T09:59:03.382Z"}
info: App connected successfully at http://localhost:8001 {"timestamp":"2023-10-25T09:59:03.382Z"}
{"level":"info","message":"Database connection has been established with blockchain successfully.","timestamp":"2023-10-25T09:59:03.416Z"}
info: Database connection has been established with blockchain successfully. {"timestamp":"2023-10-25T09:59:03.417Z"}
{"level":"info","message":"App connected successfully at http://localhost:8001","timestamp":"2023-10-25T09:59:05.512Z"}
info: App connected successfully at http://localhost:8001 {"timestamp":"2023-10-25T09:59:05.513Z"}
{"level":"info","message":"Database connection has been established with blockchain successfully.","timestamp":"2023-10-25T09:59:05.541Z"}
info: Database connection has been established with blockchain successfully. {"timestamp":"2023-10-25T09:59:05.542Z"}
{"level":"info","message":"App connected successfully at http://localhost:8001","timestamp":"2023-10-25T10:06:18.577Z"}
info: App connected successfully at http://localhost:8001 {"timestamp":"2023-10-25T10:06:18.577Z"}
{"level":"info","message":"Database connection has been established with blockchain successfully.","timestamp":"2023-10-25T10:06:18.608Z"}
info: Database connection has been established with blockchain successfully. {"timestamp":"2023-10-25T10:06:18.608Z"}
{"level":"info","message":"App connected successfully at http://localhost:8001","timestamp":"2023-10-25T10:07:07.248Z"}
info: App connected successfully at http://localhost:8001 {"timestamp":"2023-10-25T10:07:07.249Z"}
{"level":"info","message":"Database connection has been established with blockchain successfully.","timestamp":"2023-10-25T10:07:07.274Z"}
info: Database connection has been established with blockchain successfully. {"timestamp":"2023-10-25T10:07:07.275Z"}
{"level":"info","message":"App connected successfully at http://localhost:8001","timestamp":"2023-10-25T10:07:51.999Z"}
info: App connected successfully at http://localhost:8001 {"timestamp":"2023-10-25T10:07:52.000Z"}
{"level":"info","message":"Database connection has been established with blockchain successfully.","timestamp":"2023-10-25T10:07:52.038Z"}
info: Database connection has been established with blockchain successfully. {"timestamp":"2023-10-25T10:07:52.038Z"}
{"level":"info","message":"App connected successfully at http://localhost:8001","timestamp":"2023-10-25T10:08:06.880Z"}
info: App connected successfully at http://localhost:8001 {"timestamp":"2023-10-25T10:08:06.880Z"}
{"level":"info","message":"Database connection has been established with blockchain successfully.","timestamp":"2023-10-25T10:08:06.918Z"}
info: Database connection has been established with blockchain successfully. {"timestamp":"2023-10-25T10:08:06.919Z"}
{"level":"info","message":"App connected successfully at http://localhost:8001","timestamp":"2023-10-25T10:08:54.770Z"}
info: App connected successfully at http://localhost:8001 {"timestamp":"2023-10-25T10:08:54.770Z"}
{"level":"info","message":"Database connection has been established with blockchain successfully.","timestamp":"2023-10-25T10:08:54.799Z"}
info: Database connection has been established with blockchain successfully. {"timestamp":"2023-10-25T10:08:54.799Z"}
{"level":"info","message":"App connected successfully at http://localhost:8001","timestamp":"2023-10-25T10:09:18.166Z"}
info: App connected successfully at http://localhost:8001 {"timestamp":"2023-10-25T10:09:18.167Z"}
{"level":"info","message":"Database connection has been established with blockchain successfully.","timestamp":"2023-10-25T10:09:18.197Z"}
info: Database connection has been established with blockchain successfully. {"timestamp":"2023-10-25T10:09:18.197Z"}
{"level":"info","message":"App connected successfully at http://localhost:8001","timestamp":"2023-10-25T10:09:33.685Z"}
info: App connected successfully at http://localhost:8001 {"timestamp":"2023-10-25T10:09:33.686Z"}
{"level":"info","message":"Database connection has been established with blockchain successfully.","timestamp":"2023-10-25T10:09:33.722Z"}
info: Database connection has been established with blockchain successfully. {"timestamp":"2023-10-25T10:09:33.722Z"}
{"level":"info","message":"App connected successfully at http://localhost:8001","timestamp":"2023-10-25T10:14:50.101Z"}
info: App connected successfully at http://localhost:8001 {"timestamp":"2023-10-25T10:14:50.102Z"}
{"level":"info","message":"Database connection has been established with blockchain successfully.","timestamp":"2023-10-25T10:14:50.130Z"}
info: Database connection has been established with blockchain successfully. {"timestamp":"2023-10-25T10:14:50.130Z"}
{"level":"info","message":"App connected successfully at http://localhost:8001","timestamp":"2023-10-25T10:17:52.451Z"}
info: App connected successfully at http://localhost:8001 {"timestamp":"2023-10-25T10:17:52.451Z"}
{"level":"info","message":"Database connection has been established with blockchain successfully.","timestamp":"2023-10-25T10:17:52.477Z"}
info: Database connection has been established with blockchain successfully. {"timestamp":"2023-10-25T10:17:52.477Z"}
{"level":"info","message":"App connected successfully at http://localhost:8001","timestamp":"2023-10-25T10:18:32.233Z"}
info: App connected successfully at http://localhost:8001 {"timestamp":"2023-10-25T10:18:32.234Z"}
{"level":"info","message":"Database connection has been established with blockchain successfully.","timestamp":"2023-10-25T10:18:32.260Z"}
info: Database connection has been established with blockchain successfully. {"timestamp":"2023-10-25T10:18:32.260Z"}
{"level":"info","message":"App connected successfully at http://localhost:8001","timestamp":"2023-10-25T10:19:35.188Z"}
info: App connected successfully at http://localhost:8001 {"timestamp":"2023-10-25T10:19:35.188Z"}
{"level":"info","message":"Database connection has been established with blockchain successfully.","timestamp":"2023-10-25T10:19:35.219Z"}
info: Database connection has been established with blockchain successfully. {"timestamp":"2023-10-25T10:19:35.219Z"}
{"level":"info","message":"App connected successfully at http://localhost:8001","timestamp":"2023-10-25T10:19:52.019Z"}
info: App connected successfully at http://localhost:8001 {"timestamp":"2023-10-25T10:19:52.020Z"}
{"level":"info","message":"Database connection has been established with blockchain successfully.","timestamp":"2023-10-25T10:19:52.053Z"}
info: Database connection has been established with blockchain successfully. {"timestamp":"2023-10-25T10:19:52.053Z"}
{"level":"error","message":" only admin can view list of employees","timestamp":"2023-10-25T10:20:22.049Z"}
error:  only admin can view list of employees {"timestamp":"2023-10-25T10:20:22.049Z"}
{"level":"info","message":"App connected successfully at http://localhost:8001","timestamp":"2023-10-25T10:21:53.078Z"}
info: App connected successfully at http://localhost:8001 {"timestamp":"2023-10-25T10:21:53.079Z"}
{"level":"info","message":"Database connection has been established with blockchain successfully.","timestamp":"2023-10-25T10:21:53.107Z"}
info: Database connection has been established with blockchain successfully. {"timestamp":"2023-10-25T10:21:53.108Z"}
{"level":"info","message":"App connected successfully at http://localhost:8001","timestamp":"2023-10-25T10:22:13.271Z"}
info: App connected successfully at http://localhost:8001 {"timestamp":"2023-10-25T10:22:13.272Z"}
{"level":"info","message":"Database connection has been established with blockchain successfully.","timestamp":"2023-10-25T10:22:13.311Z"}
info: Database connection has been established with blockchain successfully. {"timestamp":"2023-10-25T10:22:13.312Z"}
{"level":"info","message":"App connected successfully at http://localhost:8001","timestamp":"2023-10-25T10:28:22.291Z"}
info: App connected successfully at http://localhost:8001 {"timestamp":"2023-10-25T10:28:22.291Z"}
{"level":"info","message":"Database connection has been established with blockchain successfully.","timestamp":"2023-10-25T10:28:22.320Z"}
info: Database connection has been established with blockchain successfully. {"timestamp":"2023-10-25T10:28:22.320Z"}
{"level":"info","message":"App connected successfully at http://localhost:8001","timestamp":"2023-10-25T10:28:36.362Z"}
info: App connected successfully at http://localhost:8001 {"timestamp":"2023-10-25T10:28:36.364Z"}
{"level":"info","message":"Database connection has been established with blockchain successfully.","timestamp":"2023-10-25T10:28:36.403Z"}
info: Database connection has been established with blockchain successfully. {"timestamp":"2023-10-25T10:28:36.403Z"}
{"level":"info","message":"App connected successfully at http://localhost:8001","timestamp":"2023-10-25T10:28:55.990Z"}
info: App connected successfully at http://localhost:8001 {"timestamp":"2023-10-25T10:28:55.990Z"}
{"level":"info","message":"Database connection has been established with blockchain successfully.","timestamp":"2023-10-25T10:28:56.019Z"}
info: Database connection has been established with blockchain successfully. {"timestamp":"2023-10-25T10:28:56.020Z"}
{"level":"info","message":"App connected successfully at http://localhost:8001","timestamp":"2023-10-25T10:29:22.446Z"}
info: App connected successfully at http://localhost:8001 {"timestamp":"2023-10-25T10:29:22.447Z"}
{"level":"info","message":"Database connection has been established with blockchain successfully.","timestamp":"2023-10-25T10:29:22.472Z"}
info: Database connection has been established with blockchain successfully. {"timestamp":"2023-10-25T10:29:22.473Z"}
{"level":"info","message":"App connected successfully at http://localhost:8001","timestamp":"2023-10-25T10:38:42.449Z"}
info: App connected successfully at http://localhost:8001 {"timestamp":"2023-10-25T10:38:42.449Z"}
{"level":"info","message":"Database connection has been established with blockchain successfully.","timestamp":"2023-10-25T10:38:42.475Z"}
info: Database connection has been established with blockchain successfully. {"timestamp":"2023-10-25T10:38:42.475Z"}
{"level":"info","message":"App connected successfully at http://localhost:8001","timestamp":"2023-10-25T10:39:09.105Z"}
info: App connected successfully at http://localhost:8001 {"timestamp":"2023-10-25T10:39:09.105Z"}
{"level":"info","message":"Database connection has been established with blockchain successfully.","timestamp":"2023-10-25T10:39:09.128Z"}
info: Database connection has been established with blockchain successfully. {"timestamp":"2023-10-25T10:39:09.129Z"}
{"level":"info","message":"App connected successfully at http://localhost:8001","timestamp":"2023-10-25T10:39:20.993Z"}
info: App connected successfully at http://localhost:8001 {"timestamp":"2023-10-25T10:39:20.993Z"}
{"level":"info","message":"Database connection has been established with blockchain successfully.","timestamp":"2023-10-25T10:39:21.021Z"}
info: Database connection has been established with blockchain successfully. {"timestamp":"2023-10-25T10:39:21.022Z"}
{"level":"info","message":"App connected successfully at http://localhost:8001","timestamp":"2023-10-25T10:40:03.902Z"}
info: App connected successfully at http://localhost:8001 {"timestamp":"2023-10-25T10:40:03.902Z"}
{"level":"info","message":"Database connection has been established with blockchain successfully.","timestamp":"2023-10-25T10:40:03.930Z"}
info: Database connection has been established with blockchain successfully. {"timestamp":"2023-10-25T10:40:03.931Z"}
{"level":"info","message":"App connected successfully at http://localhost:8001","timestamp":"2023-10-25T10:40:26.501Z"}
info: App connected successfully at http://localhost:8001 {"timestamp":"2023-10-25T10:40:26.505Z"}
{"level":"info","message":"Database connection has been established with blockchain successfully.","timestamp":"2023-10-25T10:40:26.541Z"}
info: Database connection has been established with blockchain successfully. {"timestamp":"2023-10-25T10:40:26.541Z"}
{"level":"info","message":"App connected successfully at http://localhost:8001","timestamp":"2023-10-25T10:40:45.849Z"}
info: App connected successfully at http://localhost:8001 {"timestamp":"2023-10-25T10:40:45.849Z"}
{"level":"info","message":"Database connection has been established with blockchain successfully.","timestamp":"2023-10-25T10:40:45.873Z"}
info: Database connection has been established with blockchain successfully. {"timestamp":"2023-10-25T10:40:45.873Z"}
{"level":"info","message":"App connected successfully at http://localhost:8001","timestamp":"2023-10-25T10:41:31.129Z"}
info: App connected successfully at http://localhost:8001 {"timestamp":"2023-10-25T10:41:31.129Z"}
{"level":"info","message":"Database connection has been established with blockchain successfully.","timestamp":"2023-10-25T10:41:31.163Z"}
info: Database connection has been established with blockchain successfully. {"timestamp":"2023-10-25T10:41:31.163Z"}
{"level":"info","message":"App connected successfully at http://localhost:8001","timestamp":"2023-10-25T10:42:33.522Z"}
info: App connected successfully at http://localhost:8001 {"timestamp":"2023-10-25T10:42:33.522Z"}
{"level":"info","message":"Database connection has been established with blockchain successfully.","timestamp":"2023-10-25T10:42:33.549Z"}
info: Database connection has been established with blockchain successfully. {"timestamp":"2023-10-25T10:42:33.550Z"}
{"level":"info","message":"App connected successfully at http://localhost:8001","timestamp":"2023-10-25T10:43:58.249Z"}
info: App connected successfully at http://localhost:8001 {"timestamp":"2023-10-25T10:43:58.249Z"}
{"level":"info","message":"Database connection has been established with blockchain successfully.","timestamp":"2023-10-25T10:43:58.279Z"}
info: Database connection has been established with blockchain successfully. {"timestamp":"2023-10-25T10:43:58.279Z"}
{"level":"info","message":"App connected successfully at http://localhost:8001","timestamp":"2023-10-25T10:44:30.322Z"}
info: App connected successfully at http://localhost:8001 {"timestamp":"2023-10-25T10:44:30.323Z"}
{"level":"info","message":"Database connection has been established with blockchain successfully.","timestamp":"2023-10-25T10:44:30.351Z"}
info: Database connection has been established with blockchain successfully. {"timestamp":"2023-10-25T10:44:30.351Z"}
{"level":"info","message":"App connected successfully at http://localhost:8001","timestamp":"2023-10-25T10:44:58.044Z"}
info: App connected successfully at http://localhost:8001 {"timestamp":"2023-10-25T10:44:58.045Z"}
{"level":"info","message":"Database connection has been established with blockchain successfully.","timestamp":"2023-10-25T10:44:58.070Z"}
info: Database connection has been established with blockchain successfully. {"timestamp":"2023-10-25T10:44:58.070Z"}
{"level":"info","message":"App connected successfully at http://localhost:8001","timestamp":"2023-10-25T10:45:08.850Z"}
info: App connected successfully at http://localhost:8001 {"timestamp":"2023-10-25T10:45:08.851Z"}
{"level":"info","message":"Database connection has been established with blockchain successfully.","timestamp":"2023-10-25T10:45:08.897Z"}
info: Database connection has been established with blockchain successfully. {"timestamp":"2023-10-25T10:45:08.897Z"}
{"level":"error","message":"Cannot set headers after they are sent to the client","timestamp":"2023-10-25T10:45:09.394Z"}
error: Cannot set headers after they are sent to the client {"timestamp":"2023-10-25T10:45:09.394Z"}
{"level":"error","message":"Cannot set headers after they are sent to the client","timestamp":"2023-10-25T10:45:30.923Z"}
error: Cannot set headers after they are sent to the client {"timestamp":"2023-10-25T10:45:30.940Z"}
{"level":"info","message":"App connected successfully at http://localhost:8001","timestamp":"2023-10-25T10:46:20.975Z"}
info: App connected successfully at http://localhost:8001 {"timestamp":"2023-10-25T10:46:20.975Z"}
{"level":"info","message":"Database connection has been established with blockchain successfully.","timestamp":"2023-10-25T10:46:21.001Z"}
info: Database connection has been established with blockchain successfully. {"timestamp":"2023-10-25T10:46:21.001Z"}
{"level":"info","message":"App connected successfully at http://localhost:8001","timestamp":"2023-10-25T10:47:47.860Z"}
info: App connected successfully at http://localhost:8001 {"timestamp":"2023-10-25T10:47:47.860Z"}
{"level":"info","message":"Database connection has been established with blockchain successfully.","timestamp":"2023-10-25T10:47:47.890Z"}
info: Database connection has been established with blockchain successfully. {"timestamp":"2023-10-25T10:47:47.890Z"}
{"level":"info","message":"App connected successfully at http://localhost:8001","timestamp":"2023-10-25T10:54:47.697Z"}
info: App connected successfully at http://localhost:8001 {"timestamp":"2023-10-25T10:54:47.698Z"}
{"level":"info","message":"Database connection has been established with blockchain successfully.","timestamp":"2023-10-25T10:54:47.729Z"}
info: Database connection has been established with blockchain successfully. {"timestamp":"2023-10-25T10:54:47.729Z"}
{"level":"info","message":"App connected successfully at http://localhost:8001","timestamp":"2023-10-25T10:56:11.359Z"}
info: App connected successfully at http://localhost:8001 {"timestamp":"2023-10-25T10:56:11.359Z"}
{"level":"info","message":"Database connection has been established with demo successfully.","timestamp":"2023-10-25T10:56:11.389Z"}
info: Database connection has been established with demo successfully. {"timestamp":"2023-10-25T10:56:11.389Z"}
{"level":"info","message":"App connected successfully at http://localhost:8001","timestamp":"2023-10-25T11:34:05.909Z"}
info: App connected successfully at http://localhost:8001 {"timestamp":"2023-10-25T11:34:05.910Z"}
{"level":"info","message":"Database connection has been established with demo successfully.","timestamp":"2023-10-25T11:34:05.949Z"}
info: Database connection has been established with demo successfully. {"timestamp":"2023-10-25T11:34:05.965Z"}
{"level":"info","message":"App connected successfully at http://localhost:8001","timestamp":"2023-10-25T11:34:19.561Z"}
info: App connected successfully at http://localhost:8001 {"timestamp":"2023-10-25T11:34:19.562Z"}
{"level":"info","message":"Database connection has been established with demo successfully.","timestamp":"2023-10-25T11:34:19.599Z"}
info: Database connection has been established with demo successfully. {"timestamp":"2023-10-25T11:34:19.599Z"}
{"level":"info","message":"App connected successfully at http://localhost:8001","timestamp":"2023-10-25T11:34:28.479Z"}
info: App connected successfully at http://localhost:8001 {"timestamp":"2023-10-25T11:34:28.479Z"}
{"level":"info","message":"Database connection has been established with demo successfully.","timestamp":"2023-10-25T11:34:28.518Z"}
info: Database connection has been established with demo successfully. {"timestamp":"2023-10-25T11:34:28.519Z"}
{"level":"info","message":"App connected successfully at http://localhost:8001","timestamp":"2023-10-25T11:34:46.357Z"}
info: App connected successfully at http://localhost:8001 {"timestamp":"2023-10-25T11:34:46.358Z"}
{"level":"info","message":"Database connection has been established with demo successfully.","timestamp":"2023-10-25T11:34:46.391Z"}
info: Database connection has been established with demo successfully. {"timestamp":"2023-10-25T11:34:46.391Z"}
{"level":"info","message":"App connected successfully at http://localhost:8001","timestamp":"2023-10-25T11:34:48.290Z"}
info: App connected successfully at http://localhost:8001 {"timestamp":"2023-10-25T11:34:48.290Z"}
{"level":"info","message":"Database connection has been established with demo successfully.","timestamp":"2023-10-25T11:34:48.321Z"}
info: Database connection has been established with demo successfully. {"timestamp":"2023-10-25T11:34:48.322Z"}
{"level":"info","message":"App connected successfully at http://localhost:8001","timestamp":"2023-10-25T11:34:52.704Z"}
info: App connected successfully at http://localhost:8001 {"timestamp":"2023-10-25T11:34:52.705Z"}
{"level":"info","message":"Database connection has been established with demo successfully.","timestamp":"2023-10-25T11:34:52.738Z"}
info: Database connection has been established with demo successfully. {"timestamp":"2023-10-25T11:34:52.738Z"}
{"level":"info","message":"App connected successfully at http://localhost:8001","timestamp":"2023-10-25T11:35:06.128Z"}
info: App connected successfully at http://localhost:8001 {"timestamp":"2023-10-25T11:35:06.128Z"}
{"level":"info","message":"Database connection has been established with demo successfully.","timestamp":"2023-10-25T11:35:06.164Z"}
info: Database connection has been established with demo successfully. {"timestamp":"2023-10-25T11:35:06.164Z"}
{"level":"info","message":"App connected successfully at http://localhost:8001","timestamp":"2023-10-25T11:59:08.132Z"}
info: App connected successfully at http://localhost:8001 {"timestamp":"2023-10-25T11:59:08.132Z"}
{"level":"info","message":"Database connection has been established with demo successfully.","timestamp":"2023-10-25T11:59:08.164Z"}
info: Database connection has been established with demo successfully. {"timestamp":"2023-10-25T11:59:08.164Z"}
{"level":"info","message":"App connected successfully at http://localhost:8001","timestamp":"2023-10-25T12:12:08.292Z"}
info: App connected successfully at http://localhost:8001 {"timestamp":"2023-10-25T12:12:08.293Z"}
{"level":"info","message":"Database connection has been established with demo successfully.","timestamp":"2023-10-25T12:12:08.328Z"}
info: Database connection has been established with demo successfully. {"timestamp":"2023-10-25T12:12:08.328Z"}
